La génération a démarré 30/01/2013 13:29:37.
     1>Projet "D:\SVN\2012-2013\Sections\Prog3\Colaisseau Yann\Prog\TD\CreaBasBot\CreaBasBot\CreaBasBot.vcxproj" sur le nœud 2 (build cible(s)).
     1>InitializeBuildStatus:
         Création de "Debug\CreaBasBot.unsuccessfulbuild", car "AlwaysCreate" a été spécifié.
       ClCompile:
         C:\Program Files (x86)\Microsoft Visual Studio 10.0\VC\bin\CL.exe /c /ZI /nologo /W3 /WX- /Od /Oy- /D WIN32 /D _DEBUG /D _CONSOLE /D _UNICODE /D UNICODE /Gm /EHsc /RTC1 /MDd /GS /fp:precise /Zc:wchar_t /Zc:forScope /Fo"Debug\\" /Fd"Debug\vc100.pdb" /Gd /TP /analyze- /errorReport:prompt main.cpp
         main.cpp
       ManifestResourceCompile:
         Toutes les sorties sont à jour.
       Link:
         C:\Program Files (x86)\Microsoft Visual Studio 10.0\VC\bin\link.exe /ERRORREPORT:PROMPT /OUT:"D:\SVN\2012-2013\Sections\Prog3\Colaisseau Yann\Prog\TD\CreaBasBot\Debug\CreaBasBot.exe" /INCREMENTAL /NOLOGO kernel32.lib user32.lib gdi32.lib winspool.lib comdlg32.lib advapi32.lib shell32.lib ole32.lib oleaut32.lib uuid.lib odbc32.lib odbccp32.lib /MANIFEST /ManifestFile:"Debug\CreaBasBot.exe.intermediate.manifest" /MANIFESTUAC:"level='asInvoker' uiAccess='false'" /DEBUG /PDB:"D:\SVN\2012-2013\Sections\Prog3\Colaisseau Yann\Prog\TD\CreaBasBot\Debug\CreaBasBot.pdb" /SUBSYSTEM:CONSOLE /TLBID:1 /DYNAMICBASE /NXCOMPAT /IMPLIB:"D:\SVN\2012-2013\Sections\Prog3\Colaisseau Yann\Prog\TD\CreaBasBot\Debug\CreaBasBot.lib" /MACHINE:X86 Debug\CreaBasBot.exe.embed.manifest.res
         Debug\main.obj
       Manifest:
         C:\Program Files (x86)\Microsoft SDKs\Windows\v7.0A\bin\mt.exe /nologo /verbose /out:"Debug\CreaBasBot.exe.embed.manifest" /manifest Debug\CreaBasBot.exe.intermediate.manifest
         Toutes les sorties sont à jour.
       LinkEmbedManifest:
         Toutes les sorties sont à jour.
         CreaBasBot.vcxproj -> D:\SVN\2012-2013\Sections\Prog3\Colaisseau Yann\Prog\TD\CreaBasBot\Debug\CreaBasBot.exe
       FinalizeBuildStatus:
         Suppression du fichier "Debug\CreaBasBot.unsuccessfulbuild".
         Mise à jour de l'horodatage "Debug\CreaBasBot.lastbuildstate".
     1>Génération du projet "D:\SVN\2012-2013\Sections\Prog3\Colaisseau Yann\Prog\TD\CreaBasBot\CreaBasBot\CreaBasBot.vcxproj" terminée (build cible(s)).

La génération a réussi.

Temps écoulé 00:00:00.28
