La génération a démarré 13/03/2013 15:30:21.
     1>Projet "C:\Users\ycolaisseau\Desktop\CreaBasBot\CreaBasBot\CreaBasBot.vcxproj" sur le nœud 2 (build cible(s)).
     1>C:\Program Files (x86)\MSBuild\Microsoft.Cpp\v4.0\Microsoft.CppBuild.targets(299,5): warning MSB8004: Le répertoire Output ne se termine pas par une barre oblique finale.  Cette instance de build ajoutera une barre oblique, comme requis, pour permettre l'évaluation correcte du répertoire Output.
     1>InitializeBuildStatus:
         Mise à jour de l'horodatage "Debug_s\CreaBasBot.unsuccessfulbuild".
       ClCompile:
         c:\Program Files (x86)\Microsoft Visual Studio 10.0\VC\bin\CL.exe /c /IC:\Users\ycolaisseau\Desktop\CreaBasBot\\bin\Debug_s\\..\..\CreaBasBot\include /ZI /nologo /W3 /WX- /Od /Oy- /D SFML_STATIC /D WIN32 /D _DEBUG /D _CONSOLE /D _WINDOWS /D _UNICODE /D UNICODE /Gm /EHsc /RTC1 /MDd /GS /fp:precise /Zc:wchar_t /Zc:forScope /Fo"Debug_s\\" /Fd"Debug_s\vc100.pdb" /Gd /TP /analyze- /errorReport:prompt BouclierFSM.cpp
         BouclierFSM.cpp
       Link:
         c:\Program Files (x86)\Microsoft Visual Studio 10.0\VC\bin\link.exe /ERRORREPORT:PROMPT /OUT:"C:\Users\ycolaisseau\Desktop\CreaBasBot\\bin\Debug_s\CreaBasBot.exe" /INCREMENTAL:NO /NOLOGO /LIBPATH:C:\Users\ycolaisseau\Desktop\CreaBasBot\\bin\Debug_s\\..\..\CreaBasBot\lib "sfml-audio-s-d.lib" "sfml-graphics-s-d.lib" "sfml-main-d.lib" "sfml-network-s-d.lib" "sfml-system-s-d.lib" "sfml-window-s-d.lib" kernel32.lib user32.lib gdi32.lib winspool.lib comdlg32.lib advapi32.lib shell32.lib ole32.lib oleaut32.lib uuid.lib odbc32.lib odbccp32.lib /MANIFEST /ManifestFile:"Debug_s\CreaBasBot.exe.intermediate.manifest" /MANIFESTUAC:"level='asInvoker' uiAccess='false'" /DEBUG /PDB:"C:\Users\ycolaisseau\Desktop\CreaBasBot\bin\Debug_s\CreaBasBot.pdb" /SUBSYSTEM:CONSOLE /TLBID:1 /DYNAMICBASE /NXCOMPAT /IMPLIB:"C:\Users\ycolaisseau\Desktop\CreaBasBot\\bin\Debug_s\CreaBasBot.lib" /MACHINE:X86 Debug_s\AttaqueFsm.obj
         Debug_s\BiblioDeck.obj
         "Debug_s\BibliothèqueCartes.obj"
         Debug_s\BouclierFSM.obj
         Debug_s\Carte.obj
         Debug_s\Combat.obj
         Debug_s\DataCenter.obj
         Debug_s\Deck.obj
         Debug_s\EditeurCarte.obj
         Debug_s\EditeurDeck.obj
         Debug_s\EventManager.obj
         Debug_s\FSM.obj
         Debug_s\Game.obj
         Debug_s\Joueur.obj
         Debug_s\main.obj
         Debug_s\Menu.obj
         Debug_s\options.obj
         Debug_s\Robot.obj
         Debug_s\SoinFSM.obj
     1>AttaqueFsm.obj : warning LNK4075: ' /EDITANDCONTINUE' ignoré à cause de la spécification '/INCREMENTAL:NO'
     1>LINK : warning LNK4098: conflit entre la bibliothèque par défaut 'LIBCMT' et les autres bibliothèques ; utilisez /NODEFAULTLIB:library
     1>sfml-audio-s-d.lib(ALCheck.cpp.obj) : warning LNK4099: PDB 'sfml-audio-s-d.pdb' n'a pu être trouvé avec 'sfml-audio-s-d.lib(ALCheck.cpp.obj)' ou sur 'C:\Users\ycolaisseau\Desktop\CreaBasBot\bin\Debug_s\sfml-audio-s-d.pdb' ; l'objet sera lié sans informations de débogage
     1>sfml-audio-s-d.lib(AudioDevice.cpp.obj) : warning LNK4099: PDB 'sfml-audio-s-d.pdb' n'a pu être trouvé avec 'sfml-audio-s-d.lib(AudioDevice.cpp.obj)' ou sur 'C:\Users\ycolaisseau\Desktop\CreaBasBot\bin\Debug_s\sfml-audio-s-d.pdb' ; l'objet sera lié sans informations de débogage
     1>sfml-audio-s-d.lib(Sound.cpp.obj) : warning LNK4099: PDB 'sfml-audio-s-d.pdb' n'a pu être trouvé avec 'sfml-audio-s-d.lib(Sound.cpp.obj)' ou sur 'C:\Users\ycolaisseau\Desktop\CreaBasBot\bin\Debug_s\sfml-audio-s-d.pdb' ; l'objet sera lié sans informations de débogage
     1>sfml-audio-s-d.lib(SoundBuffer.cpp.obj) : warning LNK4099: PDB 'sfml-audio-s-d.pdb' n'a pu être trouvé avec 'sfml-audio-s-d.lib(SoundBuffer.cpp.obj)' ou sur 'C:\Users\ycolaisseau\Desktop\CreaBasBot\bin\Debug_s\sfml-audio-s-d.pdb' ; l'objet sera lié sans informations de débogage
     1>sfml-audio-s-d.lib(SoundFile.cpp.obj) : warning LNK4099: PDB 'sfml-audio-s-d.pdb' n'a pu être trouvé avec 'sfml-audio-s-d.lib(SoundFile.cpp.obj)' ou sur 'C:\Users\ycolaisseau\Desktop\CreaBasBot\bin\Debug_s\sfml-audio-s-d.pdb' ; l'objet sera lié sans informations de débogage
     1>sfml-audio-s-d.lib(SoundSource.cpp.obj) : warning LNK4099: PDB 'sfml-audio-s-d.pdb' n'a pu être trouvé avec 'sfml-audio-s-d.lib(SoundSource.cpp.obj)' ou sur 'C:\Users\ycolaisseau\Desktop\CreaBasBot\bin\Debug_s\sfml-audio-s-d.pdb' ; l'objet sera lié sans informations de débogage
     1>sfml-graphics-s-d.lib(Color.cpp.obj) : warning LNK4099: PDB 'sfml-graphics-s-d.pdb' n'a pu être trouvé avec 'sfml-graphics-s-d.lib(Color.cpp.obj)' ou sur 'C:\Users\ycolaisseau\Desktop\CreaBasBot\bin\Debug_s\sfml-graphics-s-d.pdb' ; l'objet sera lié sans informations de débogage
     1>sfml-graphics-s-d.lib(Font.cpp.obj) : warning LNK4099: PDB 'sfml-graphics-s-d.pdb' n'a pu être trouvé avec 'sfml-graphics-s-d.lib(Font.cpp.obj)' ou sur 'C:\Users\ycolaisseau\Desktop\CreaBasBot\bin\Debug_s\sfml-graphics-s-d.pdb' ; l'objet sera lié sans informations de débogage
     1>sfml-graphics-s-d.lib(GLCheck.cpp.obj) : warning LNK4099: PDB 'sfml-graphics-s-d.pdb' n'a pu être trouvé avec 'sfml-graphics-s-d.lib(GLCheck.cpp.obj)' ou sur 'C:\Users\ycolaisseau\Desktop\CreaBasBot\bin\Debug_s\sfml-graphics-s-d.pdb' ; l'objet sera lié sans informations de débogage
     1>sfml-graphics-s-d.lib(Image.cpp.obj) : warning LNK4099: PDB 'sfml-graphics-s-d.pdb' n'a pu être trouvé avec 'sfml-graphics-s-d.lib(Image.cpp.obj)' ou sur 'C:\Users\ycolaisseau\Desktop\CreaBasBot\bin\Debug_s\sfml-graphics-s-d.pdb' ; l'objet sera lié sans informations de débogage
     1>sfml-graphics-s-d.lib(ImageLoader.cpp.obj) : warning LNK4099: PDB 'sfml-graphics-s-d.pdb' n'a pu être trouvé avec 'sfml-graphics-s-d.lib(ImageLoader.cpp.obj)' ou sur 'C:\Users\ycolaisseau\Desktop\CreaBasBot\bin\Debug_s\sfml-graphics-s-d.pdb' ; l'objet sera lié sans informations de débogage
     1>sfml-graphics-s-d.lib(RenderStates.cpp.obj) : warning LNK4099: PDB 'sfml-graphics-s-d.pdb' n'a pu être trouvé avec 'sfml-graphics-s-d.lib(RenderStates.cpp.obj)' ou sur 'C:\Users\ycolaisseau\Desktop\CreaBasBot\bin\Debug_s\sfml-graphics-s-d.pdb' ; l'objet sera lié sans informations de débogage
     1>sfml-graphics-s-d.lib(RenderTarget.cpp.obj) : warning LNK4099: PDB 'sfml-graphics-s-d.pdb' n'a pu être trouvé avec 'sfml-graphics-s-d.lib(RenderTarget.cpp.obj)' ou sur 'C:\Users\ycolaisseau\Desktop\CreaBasBot\bin\Debug_s\sfml-graphics-s-d.pdb' ; l'objet sera lié sans informations de débogage
     1>sfml-graphics-s-d.lib(RenderWindow.cpp.obj) : warning LNK4099: PDB 'sfml-graphics-s-d.pdb' n'a pu être trouvé avec 'sfml-graphics-s-d.lib(RenderWindow.cpp.obj)' ou sur 'C:\Users\ycolaisseau\Desktop\CreaBasBot\bin\Debug_s\sfml-graphics-s-d.pdb' ; l'objet sera lié sans informations de débogage
     1>sfml-graphics-s-d.lib(Shader.cpp.obj) : warning LNK4099: PDB 'sfml-graphics-s-d.pdb' n'a pu être trouvé avec 'sfml-graphics-s-d.lib(Shader.cpp.obj)' ou sur 'C:\Users\ycolaisseau\Desktop\CreaBasBot\bin\Debug_s\sfml-graphics-s-d.pdb' ; l'objet sera lié sans informations de débogage
     1>sfml-graphics-s-d.lib(Sprite.cpp.obj) : warning LNK4099: PDB 'sfml-graphics-s-d.pdb' n'a pu être trouvé avec 'sfml-graphics-s-d.lib(Sprite.cpp.obj)' ou sur 'C:\Users\ycolaisseau\Desktop\CreaBasBot\bin\Debug_s\sfml-graphics-s-d.pdb' ; l'objet sera lié sans informations de débogage
     1>sfml-graphics-s-d.lib(Text.cpp.obj) : warning LNK4099: PDB 'sfml-graphics-s-d.pdb' n'a pu être trouvé avec 'sfml-graphics-s-d.lib(Text.cpp.obj)' ou sur 'C:\Users\ycolaisseau\Desktop\CreaBasBot\bin\Debug_s\sfml-graphics-s-d.pdb' ; l'objet sera lié sans informations de débogage
     1>sfml-graphics-s-d.lib(Texture.cpp.obj) : warning LNK4099: PDB 'sfml-graphics-s-d.pdb' n'a pu être trouvé avec 'sfml-graphics-s-d.lib(Texture.cpp.obj)' ou sur 'C:\Users\ycolaisseau\Desktop\CreaBasBot\bin\Debug_s\sfml-graphics-s-d.pdb' ; l'objet sera lié sans informations de débogage
     1>sfml-graphics-s-d.lib(TextureSaver.cpp.obj) : warning LNK4099: PDB 'sfml-graphics-s-d.pdb' n'a pu être trouvé avec 'sfml-graphics-s-d.lib(TextureSaver.cpp.obj)' ou sur 'C:\Users\ycolaisseau\Desktop\CreaBasBot\bin\Debug_s\sfml-graphics-s-d.pdb' ; l'objet sera lié sans informations de débogage
     1>sfml-graphics-s-d.lib(Transform.cpp.obj) : warning LNK4099: PDB 'sfml-graphics-s-d.pdb' n'a pu être trouvé avec 'sfml-graphics-s-d.lib(Transform.cpp.obj)' ou sur 'C:\Users\ycolaisseau\Desktop\CreaBasBot\bin\Debug_s\sfml-graphics-s-d.pdb' ; l'objet sera lié sans informations de débogage
     1>sfml-graphics-s-d.lib(Transformable.cpp.obj) : warning LNK4099: PDB 'sfml-graphics-s-d.pdb' n'a pu être trouvé avec 'sfml-graphics-s-d.lib(Transformable.cpp.obj)' ou sur 'C:\Users\ycolaisseau\Desktop\CreaBasBot\bin\Debug_s\sfml-graphics-s-d.pdb' ; l'objet sera lié sans informations de débogage
     1>sfml-graphics-s-d.lib(View.cpp.obj) : warning LNK4099: PDB 'sfml-graphics-s-d.pdb' n'a pu être trouvé avec 'sfml-graphics-s-d.lib(View.cpp.obj)' ou sur 'C:\Users\ycolaisseau\Desktop\CreaBasBot\bin\Debug_s\sfml-graphics-s-d.pdb' ; l'objet sera lié sans informations de débogage
     1>sfml-graphics-s-d.lib(Vertex.cpp.obj) : warning LNK4099: PDB 'sfml-graphics-s-d.pdb' n'a pu être trouvé avec 'sfml-graphics-s-d.lib(Vertex.cpp.obj)' ou sur 'C:\Users\ycolaisseau\Desktop\CreaBasBot\bin\Debug_s\sfml-graphics-s-d.pdb' ; l'objet sera lié sans informations de débogage
     1>sfml-graphics-s-d.lib(VertexArray.cpp.obj) : warning LNK4099: PDB 'sfml-graphics-s-d.pdb' n'a pu être trouvé avec 'sfml-graphics-s-d.lib(VertexArray.cpp.obj)' ou sur 'C:\Users\ycolaisseau\Desktop\CreaBasBot\bin\Debug_s\sfml-graphics-s-d.pdb' ; l'objet sera lié sans informations de débogage
     1>sfml-system-s-d.lib(Clock.cpp.obj) : warning LNK4099: PDB 'sfml-system-s-d.pdb' n'a pu être trouvé avec 'sfml-system-s-d.lib(Clock.cpp.obj)' ou sur 'C:\Users\ycolaisseau\Desktop\CreaBasBot\bin\Debug_s\sfml-system-s-d.pdb' ; l'objet sera lié sans informations de débogage
     1>sfml-system-s-d.lib(Err.cpp.obj) : warning LNK4099: PDB 'sfml-system-s-d.pdb' n'a pu être trouvé avec 'sfml-system-s-d.lib(Err.cpp.obj)' ou sur 'C:\Users\ycolaisseau\Desktop\CreaBasBot\bin\Debug_s\sfml-system-s-d.pdb' ; l'objet sera lié sans informations de débogage
     1>sfml-system-s-d.lib(Lock.cpp.obj) : warning LNK4099: PDB 'sfml-system-s-d.pdb' n'a pu être trouvé avec 'sfml-system-s-d.lib(Lock.cpp.obj)' ou sur 'C:\Users\ycolaisseau\Desktop\CreaBasBot\bin\Debug_s\sfml-system-s-d.pdb' ; l'objet sera lié sans informations de débogage
     1>sfml-system-s-d.lib(Mutex.cpp.obj) : warning LNK4099: PDB 'sfml-system-s-d.pdb' n'a pu être trouvé avec 'sfml-system-s-d.lib(Mutex.cpp.obj)' ou sur 'C:\Users\ycolaisseau\Desktop\CreaBasBot\bin\Debug_s\sfml-system-s-d.pdb' ; l'objet sera lié sans informations de débogage
     1>sfml-system-s-d.lib(Sleep.cpp.obj) : warning LNK4099: PDB 'sfml-system-s-d.pdb' n'a pu être trouvé avec 'sfml-system-s-d.lib(Sleep.cpp.obj)' ou sur 'C:\Users\ycolaisseau\Desktop\CreaBasBot\bin\Debug_s\sfml-system-s-d.pdb' ; l'objet sera lié sans informations de débogage
     1>sfml-system-s-d.lib(String.cpp.obj) : warning LNK4099: PDB 'sfml-system-s-d.pdb' n'a pu être trouvé avec 'sfml-system-s-d.lib(String.cpp.obj)' ou sur 'C:\Users\ycolaisseau\Desktop\CreaBasBot\bin\Debug_s\sfml-system-s-d.pdb' ; l'objet sera lié sans informations de débogage
     1>sfml-system-s-d.lib(ThreadLocal.cpp.obj) : warning LNK4099: PDB 'sfml-system-s-d.pdb' n'a pu être trouvé avec 'sfml-system-s-d.lib(ThreadLocal.cpp.obj)' ou sur 'C:\Users\ycolaisseau\Desktop\CreaBasBot\bin\Debug_s\sfml-system-s-d.pdb' ; l'objet sera lié sans informations de débogage
     1>sfml-system-s-d.lib(Time.cpp.obj) : warning LNK4099: PDB 'sfml-system-s-d.pdb' n'a pu être trouvé avec 'sfml-system-s-d.lib(Time.cpp.obj)' ou sur 'C:\Users\ycolaisseau\Desktop\CreaBasBot\bin\Debug_s\sfml-system-s-d.pdb' ; l'objet sera lié sans informations de débogage
     1>sfml-system-s-d.lib(ClockImpl.cpp.obj) : warning LNK4099: PDB 'sfml-system-s-d.pdb' n'a pu être trouvé avec 'sfml-system-s-d.lib(ClockImpl.cpp.obj)' ou sur 'C:\Users\ycolaisseau\Desktop\CreaBasBot\bin\Debug_s\sfml-system-s-d.pdb' ; l'objet sera lié sans informations de débogage
     1>sfml-system-s-d.lib(MutexImpl.cpp.obj) : warning LNK4099: PDB 'sfml-system-s-d.pdb' n'a pu être trouvé avec 'sfml-system-s-d.lib(MutexImpl.cpp.obj)' ou sur 'C:\Users\ycolaisseau\Desktop\CreaBasBot\bin\Debug_s\sfml-system-s-d.pdb' ; l'objet sera lié sans informations de débogage
     1>sfml-system-s-d.lib(SleepImpl.cpp.obj) : warning LNK4099: PDB 'sfml-system-s-d.pdb' n'a pu être trouvé avec 'sfml-system-s-d.lib(SleepImpl.cpp.obj)' ou sur 'C:\Users\ycolaisseau\Desktop\CreaBasBot\bin\Debug_s\sfml-system-s-d.pdb' ; l'objet sera lié sans informations de débogage
     1>sfml-system-s-d.lib(ThreadLocalImpl.cpp.obj) : warning LNK4099: PDB 'sfml-system-s-d.pdb' n'a pu être trouvé avec 'sfml-system-s-d.lib(ThreadLocalImpl.cpp.obj)' ou sur 'C:\Users\ycolaisseau\Desktop\CreaBasBot\bin\Debug_s\sfml-system-s-d.pdb' ; l'objet sera lié sans informations de débogage
     1>sfml-window-s-d.lib(GlContext.cpp.obj) : warning LNK4099: PDB 'sfml-window-s-d.pdb' n'a pu être trouvé avec 'sfml-window-s-d.lib(GlContext.cpp.obj)' ou sur 'C:\Users\ycolaisseau\Desktop\CreaBasBot\bin\Debug_s\sfml-window-s-d.pdb' ; l'objet sera lié sans informations de débogage
     1>sfml-window-s-d.lib(GlResource.cpp.obj) : warning LNK4099: PDB 'sfml-window-s-d.pdb' n'a pu être trouvé avec 'sfml-window-s-d.lib(GlResource.cpp.obj)' ou sur 'C:\Users\ycolaisseau\Desktop\CreaBasBot\bin\Debug_s\sfml-window-s-d.pdb' ; l'objet sera lié sans informations de débogage
     1>sfml-window-s-d.lib(JoystickManager.cpp.obj) : warning LNK4099: PDB 'sfml-window-s-d.pdb' n'a pu être trouvé avec 'sfml-window-s-d.lib(JoystickManager.cpp.obj)' ou sur 'C:\Users\ycolaisseau\Desktop\CreaBasBot\bin\Debug_s\sfml-window-s-d.pdb' ; l'objet sera lié sans informations de débogage
     1>sfml-window-s-d.lib(Mouse.cpp.obj) : warning LNK4099: PDB 'sfml-window-s-d.pdb' n'a pu être trouvé avec 'sfml-window-s-d.lib(Mouse.cpp.obj)' ou sur 'C:\Users\ycolaisseau\Desktop\CreaBasBot\bin\Debug_s\sfml-window-s-d.pdb' ; l'objet sera lié sans informations de débogage
     1>sfml-window-s-d.lib(VideoMode.cpp.obj) : warning LNK4099: PDB 'sfml-window-s-d.pdb' n'a pu être trouvé avec 'sfml-window-s-d.lib(VideoMode.cpp.obj)' ou sur 'C:\Users\ycolaisseau\Desktop\CreaBasBot\bin\Debug_s\sfml-window-s-d.pdb' ; l'objet sera lié sans informations de débogage
     1>sfml-window-s-d.lib(Window.cpp.obj) : warning LNK4099: PDB 'sfml-window-s-d.pdb' n'a pu être trouvé avec 'sfml-window-s-d.lib(Window.cpp.obj)' ou sur 'C:\Users\ycolaisseau\Desktop\CreaBasBot\bin\Debug_s\sfml-window-s-d.pdb' ; l'objet sera lié sans informations de débogage
     1>sfml-window-s-d.lib(WindowImpl.cpp.obj) : warning LNK4099: PDB 'sfml-window-s-d.pdb' n'a pu être trouvé avec 'sfml-window-s-d.lib(WindowImpl.cpp.obj)' ou sur 'C:\Users\ycolaisseau\Desktop\CreaBasBot\bin\Debug_s\sfml-window-s-d.pdb' ; l'objet sera lié sans informations de débogage
     1>sfml-window-s-d.lib(WglContext.cpp.obj) : warning LNK4099: PDB 'sfml-window-s-d.pdb' n'a pu être trouvé avec 'sfml-window-s-d.lib(WglContext.cpp.obj)' ou sur 'C:\Users\ycolaisseau\Desktop\CreaBasBot\bin\Debug_s\sfml-window-s-d.pdb' ; l'objet sera lié sans informations de débogage
     1>sfml-window-s-d.lib(InputImpl.cpp.obj) : warning LNK4099: PDB 'sfml-window-s-d.pdb' n'a pu être trouvé avec 'sfml-window-s-d.lib(InputImpl.cpp.obj)' ou sur 'C:\Users\ycolaisseau\Desktop\CreaBasBot\bin\Debug_s\sfml-window-s-d.pdb' ; l'objet sera lié sans informations de débogage
     1>sfml-window-s-d.lib(JoystickImpl.cpp.obj) : warning LNK4099: PDB 'sfml-window-s-d.pdb' n'a pu être trouvé avec 'sfml-window-s-d.lib(JoystickImpl.cpp.obj)' ou sur 'C:\Users\ycolaisseau\Desktop\CreaBasBot\bin\Debug_s\sfml-window-s-d.pdb' ; l'objet sera lié sans informations de débogage
     1>sfml-window-s-d.lib(VideoModeImpl.cpp.obj) : warning LNK4099: PDB 'sfml-window-s-d.pdb' n'a pu être trouvé avec 'sfml-window-s-d.lib(VideoModeImpl.cpp.obj)' ou sur 'C:\Users\ycolaisseau\Desktop\CreaBasBot\bin\Debug_s\sfml-window-s-d.pdb' ; l'objet sera lié sans informations de débogage
     1>sfml-window-s-d.lib(WindowImplWin32.cpp.obj) : warning LNK4099: PDB 'sfml-window-s-d.pdb' n'a pu être trouvé avec 'sfml-window-s-d.lib(WindowImplWin32.cpp.obj)' ou sur 'C:\Users\ycolaisseau\Desktop\CreaBasBot\bin\Debug_s\sfml-window-s-d.pdb' ; l'objet sera lié sans informations de débogage
         CreaBasBot.vcxproj -> C:\Users\ycolaisseau\Desktop\CreaBasBot\\bin\Debug_s\CreaBasBot.exe
       Manifest:
         C:\Program Files (x86)\Microsoft SDKs\Windows\v7.0A\bin\mt.exe /nologo /verbose /outputresource:"C:\Users\ycolaisseau\Desktop\CreaBasBot\\bin\Debug_s\CreaBasBot.exe;#1" /manifest Debug_s\CreaBasBot.exe.intermediate.manifest
       FinalizeBuildStatus:
         Suppression du fichier "Debug_s\CreaBasBot.unsuccessfulbuild".
         Mise à jour de l'horodatage "Debug_s\CreaBasBot.lastbuildstate".
     1>Génération du projet "C:\Users\ycolaisseau\Desktop\CreaBasBot\CreaBasBot\CreaBasBot.vcxproj" terminée (build cible(s)).

La génération a réussi.

Temps écoulé 00:00:01.36
