C:\USERS\BREAKFAST\DESKTOP\CREABASBOT\BIN\DEBUG_S\CREABASBOT.EXE
C:\USERS\BREAKFAST\DESKTOP\CREABASBOT\BIN\DEBUG_S\CREABASBOT.PDB
C:\USERS\BREAKFAST\DESKTOP\CREABASBOT\CREABASBOT\DEBUG_S\CREABASBOT.EXE.INTERMEDIATE.MANIFEST
C:\USERS\BREAKFAST\DESKTOP\CREABASBOT\CREABASBOT\DEBUG_S\DATACENTER.OBJ
C:\USERS\BREAKFAST\DESKTOP\CREABASBOT\CREABASBOT\DEBUG_S\GAME.OBJ
C:\USERS\BREAKFAST\DESKTOP\CREABASBOT\CREABASBOT\DEBUG_S\MAIN.OBJ
C:\USERS\BREAKFAST\DESKTOP\CREABASBOT\CREABASBOT\DEBUG_S\VC100.PDB
D:\SVN\2012-2013\Sections\Prog3\Colaisseau Yann\Prog\TD\CreaBasBot\\bin\Debug_s\CreaBasBot.exe
D:\SVN\2012-2013\Sections\Prog3\Colaisseau Yann\Prog\TD\CreaBasBot\\bin\Debug_s\CreaBasBot.pdb
D:\SVN\2012-2013\SECTIONS\PROG3\COLAISSEAU YANN\PROG\TD\CREABASBOT\BIN\DEBUG_S\CREABASBOT.EXE
D:\SVN\2012-2013\SECTIONS\PROG3\COLAISSEAU YANN\PROG\TD\CREABASBOT\BIN\DEBUG_S\CREABASBOT.PDB
D:\SVN\2012-2013\Sections\Prog3\Colaisseau Yann\Prog\TD\CreaBasBot\CreaBasBot\Debug_s\cl.command.1.tlog
D:\SVN\2012-2013\Sections\Prog3\Colaisseau Yann\Prog\TD\CreaBasBot\CreaBasBot\Debug_s\CL.read.1.tlog
D:\SVN\2012-2013\Sections\Prog3\Colaisseau Yann\Prog\TD\CreaBasBot\CreaBasBot\Debug_s\CL.write.1.tlog
D:\SVN\2012-2013\SECTIONS\PROG3\COLAISSEAU YANN\PROG\TD\CREABASBOT\CREABASBOT\DEBUG_S\CREABASBOT.EXE.INTERMEDIATE.MANIFEST
D:\SVN\2012-2013\Sections\Prog3\Colaisseau Yann\Prog\TD\CreaBasBot\CreaBasBot\Debug_s\CreaBasBot.vcxprojResolveAssemblyReference.cache
D:\SVN\2012-2013\Sections\Prog3\Colaisseau Yann\Prog\TD\CreaBasBot\CreaBasBot\Debug_s\CreaBasBot.write.1.tlog
D:\SVN\2012-2013\SECTIONS\PROG3\COLAISSEAU YANN\PROG\TD\CREABASBOT\CREABASBOT\DEBUG_S\DATACENTER.OBJ
D:\SVN\2012-2013\SECTIONS\PROG3\COLAISSEAU YANN\PROG\TD\CREABASBOT\CREABASBOT\DEBUG_S\EVENTMANAGER.OBJ
D:\SVN\2012-2013\SECTIONS\PROG3\COLAISSEAU YANN\PROG\TD\CREABASBOT\CREABASBOT\DEBUG_S\FSM.OBJ
D:\SVN\2012-2013\SECTIONS\PROG3\COLAISSEAU YANN\PROG\TD\CREABASBOT\CREABASBOT\DEBUG_S\GAME.OBJ
D:\SVN\2012-2013\Sections\Prog3\Colaisseau Yann\Prog\TD\CreaBasBot\CreaBasBot\Debug_s\link.command.1.tlog
D:\SVN\2012-2013\Sections\Prog3\Colaisseau Yann\Prog\TD\CreaBasBot\CreaBasBot\Debug_s\link.read.1.tlog
D:\SVN\2012-2013\Sections\Prog3\Colaisseau Yann\Prog\TD\CreaBasBot\CreaBasBot\Debug_s\link.write.1.tlog
D:\SVN\2012-2013\SECTIONS\PROG3\COLAISSEAU YANN\PROG\TD\CREABASBOT\CREABASBOT\DEBUG_S\MAIN.OBJ
D:\SVN\2012-2013\SECTIONS\PROG3\COLAISSEAU YANN\PROG\TD\CREABASBOT\CREABASBOT\DEBUG_S\MENU.OBJ
D:\SVN\2012-2013\Sections\Prog3\Colaisseau Yann\Prog\TD\CreaBasBot\CreaBasBot\Debug_s\mt.command.1.tlog
D:\SVN\2012-2013\Sections\Prog3\Colaisseau Yann\Prog\TD\CreaBasBot\CreaBasBot\Debug_s\mt.read.1.tlog
D:\SVN\2012-2013\Sections\Prog3\Colaisseau Yann\Prog\TD\CreaBasBot\CreaBasBot\Debug_s\mt.write.1.tlog
D:\SVN\2012-2013\Sections\Prog3\Colaisseau Yann\Prog\TD\CreaBasBot\CreaBasBot\Debug_s\vc100.idb
D:\SVN\2012-2013\SECTIONS\PROG3\COLAISSEAU YANN\PROG\TD\CREABASBOT\CREABASBOT\DEBUG_S\VC100.PDB
