C:\USERS\BREAKFAST\DESKTOP\CREABASBOT\BIN\RELEASE_STATIC\CREABASBOT.EXE
C:\USERS\BREAKFAST\DESKTOP\CREABASBOT\BIN\RELEASE_STATIC\CREABASBOT.PDB
C:\USERS\BREAKFAST\DESKTOP\CREABASBOT\CREABASBOT\RELEASE_STATIC\CREABASBOT.EXE.INTERMEDIATE.MANIFEST
C:\USERS\BREAKFAST\DESKTOP\CREABASBOT\CREABASBOT\RELEASE_STATIC\DATACENTER.OBJ
C:\USERS\BREAKFAST\DESKTOP\CREABASBOT\CREABASBOT\RELEASE_STATIC\MAIN.OBJ
C:\USERS\BREAKFAST\DESKTOP\CREABASBOT\CREABASBOT\RELEASE_STATIC\VC100.PDB
D:\SVN\2012-2013\Sections\Prog3\Colaisseau Yann\Prog\TD\CreaBasBot\\bin\Release_static\CreaBasBot.exe
D:\SVN\2012-2013\Sections\Prog3\Colaisseau Yann\Prog\TD\CreaBasBot\\bin\Release_static\CreaBasBot.pdb
D:\SVN\2012-2013\SECTIONS\PROG3\COLAISSEAU YANN\PROG\TD\CREABASBOT\BIN\RELEASE_STATIC\CREABASBOT.EXE
D:\SVN\2012-2013\SECTIONS\PROG3\COLAISSEAU YANN\PROG\TD\CREABASBOT\BIN\RELEASE_STATIC\CREABASBOT.PDB
D:\SVN\2012-2013\Sections\Prog3\Colaisseau Yann\Prog\TD\CreaBasBot\CreaBasBot\Release_static\cl.command.1.tlog
D:\SVN\2012-2013\Sections\Prog3\Colaisseau Yann\Prog\TD\CreaBasBot\CreaBasBot\Release_static\CL.read.1.tlog
D:\SVN\2012-2013\Sections\Prog3\Colaisseau Yann\Prog\TD\CreaBasBot\CreaBasBot\Release_static\CL.write.1.tlog
D:\SVN\2012-2013\SECTIONS\PROG3\COLAISSEAU YANN\PROG\TD\CREABASBOT\CREABASBOT\RELEASE_STATIC\CREABASBOT.EXE.INTERMEDIATE.MANIFEST
D:\SVN\2012-2013\Sections\Prog3\Colaisseau Yann\Prog\TD\CreaBasBot\CreaBasBot\Release_static\CreaBasBot.vcxprojResolveAssemblyReference.cache
D:\SVN\2012-2013\Sections\Prog3\Colaisseau Yann\Prog\TD\CreaBasBot\CreaBasBot\Release_static\CreaBasBot.write.1.tlog
D:\SVN\2012-2013\SECTIONS\PROG3\COLAISSEAU YANN\PROG\TD\CREABASBOT\CREABASBOT\RELEASE_STATIC\DATACENTER.OBJ
D:\SVN\2012-2013\SECTIONS\PROG3\COLAISSEAU YANN\PROG\TD\CREABASBOT\CREABASBOT\RELEASE_STATIC\EVENTMANAGER.OBJ
D:\SVN\2012-2013\SECTIONS\PROG3\COLAISSEAU YANN\PROG\TD\CREABASBOT\CREABASBOT\RELEASE_STATIC\FSM.OBJ
D:\SVN\2012-2013\SECTIONS\PROG3\COLAISSEAU YANN\PROG\TD\CREABASBOT\CREABASBOT\RELEASE_STATIC\GAME.OBJ
D:\SVN\2012-2013\Sections\Prog3\Colaisseau Yann\Prog\TD\CreaBasBot\CreaBasBot\Release_static\link.command.1.tlog
D:\SVN\2012-2013\Sections\Prog3\Colaisseau Yann\Prog\TD\CreaBasBot\CreaBasBot\Release_static\link.read.1.tlog
D:\SVN\2012-2013\Sections\Prog3\Colaisseau Yann\Prog\TD\CreaBasBot\CreaBasBot\Release_static\link.write.1.tlog
D:\SVN\2012-2013\SECTIONS\PROG3\COLAISSEAU YANN\PROG\TD\CREABASBOT\CREABASBOT\RELEASE_STATIC\MAIN.OBJ
D:\SVN\2012-2013\SECTIONS\PROG3\COLAISSEAU YANN\PROG\TD\CREABASBOT\CREABASBOT\RELEASE_STATIC\MENU.OBJ
D:\SVN\2012-2013\Sections\Prog3\Colaisseau Yann\Prog\TD\CreaBasBot\CreaBasBot\Release_static\mt.command.1.tlog
D:\SVN\2012-2013\Sections\Prog3\Colaisseau Yann\Prog\TD\CreaBasBot\CreaBasBot\Release_static\mt.read.1.tlog
D:\SVN\2012-2013\Sections\Prog3\Colaisseau Yann\Prog\TD\CreaBasBot\CreaBasBot\Release_static\mt.write.1.tlog
D:\SVN\2012-2013\SECTIONS\PROG3\COLAISSEAU YANN\PROG\TD\CREABASBOT\CREABASBOT\RELEASE_STATIC\OPTIONS.OBJ
D:\SVN\2012-2013\SECTIONS\PROG3\COLAISSEAU YANN\PROG\TD\CREABASBOT\CREABASBOT\RELEASE_STATIC\VC100.PDB
